Build started 2016/2/1 11:39:08.
     1>Project "C:\Users\zengzhishi\Documents\Visual Studio 2013\Projects\MFCApplication1\MFCApplication1\MFCApplication1.vcxproj" on node 2 (Build target(s)).
     1>ClCompile:
         C:\Program Files (x86)\Microsoft Visual Studio 12.0\VC\bin\x86_amd64\CL.exe /c /Zi /nologo /W3 /WX- /sdl /Od /D WIN32 /D _WINDOWS /D _DEBUG /D _UNICODE /D UNICODE /D _AFXDLL /Gm /EHsc /RTC1 /MDd /GS /fp:precise /Zc:wchar_t /Zc:forScope /Yu"stdafx.h" /Fp"x64\Debug\MFCApplication1.pch" /Fo"x64\Debug\\" /Fd"x64\Debug\vc120.pdb" /Gd /TP /errorReport:prompt DIANMING.cpp
         DIANMING.cpp
     1>C:\opencv\Mybuild\install\include\opencv2/core/mat.hpp(1965): warning C4819: The file contains a character that cannot be represented in the current code page (936). Save the file in Unicode format to prevent data loss
     1>C:\opencv\Mybuild\install\include\opencv2/core/persistence.hpp : warning C4819: The file contains a character that cannot be represented in the current code page (936). Save the file in Unicode format to prevent data loss
     1>C:\opencv\Mybuild\install\include\opencv2/core/utility.hpp : warning C4819: The file contains a character that cannot be represented in the current code page (936). Save the file in Unicode format to prevent data loss
     1>C:\opencv\Mybuild\install\include\opencv2/face.hpp : warning C4819: The file contains a character that cannot be represented in the current code page (936). Save the file in Unicode format to prevent data loss
       Link:
         C:\Program Files (x86)\Microsoft Visual Studio 12.0\VC\bin\x86_amd64\link.exe /ERRORREPORT:PROMPT /OUT:"C:\Users\zengzhishi\Documents\Visual Studio 2013\Projects\MFCApplication1\x64\Debug\MFCApplication1.exe" /INCREMENTAL /NOLOGO libmysql.lib opencv_bgsegm300d.lib opencv_bioinspired300d.lib opencv_calib3d300d.lib opencv_ccalib300d.lib opencv_core300d.lib opencv_datasets300d.lib opencv_face300d.lib opencv_features2d300d.lib opencv_flann300d.lib opencv_hal300d.lib opencv_highgui300d.lib opencv_imgcodecs300d.lib opencv_imgproc300d.lib opencv_latentsvm300d.lib opencv_line_descriptor300d.lib opencv_ml300d.lib opencv_objdetect300d.lib opencv_optflow300d.lib opencv_photo300d.lib opencv_reg300d.lib opencv_rgbd300d.lib opencv_saliency300d.lib opencv_shape300d.lib opencv_stitching300d.lib opencv_superres300d.lib opencv_surface_matching300d.lib opencv_text300d.lib opencv_tracking300d.lib opencv_ts300d.lib opencv_video300d.lib opencv_videoio300d.lib opencv_videostab300d.lib opencv_xfeatures2d300d.lib opencv_ximgproc300d.lib opencv_xobjdetect300d.lib opencv_xphoto300d.lib /MANIFEST /MANIFESTUAC:"level='asInvoker' uiAccess='false'" /manifest:embed /manifestinput:"C:\Program Files (x86)\Microsoft Visual Studio 12.0\VC\Include\Manifest\dpiaware.manifest" /DEBUG /PDB:"C:\Users\zengzhishi\Documents\Visual Studio 2013\Projects\MFCApplication1\x64\Debug\MFCApplication1.pdb" /SUBSYSTEM:WINDOWS /TLBID:1 /ENTRY:"wWinMainCRTStartup" /DYNAMICBASE /NXCOMPAT /IMPLIB:"C:\Users\zengzhishi\Documents\Visual Studio 2013\Projects\MFCApplication1\x64\Debug\MFCApplication1.lib" /MACHINE:X64 x64\Debug\MFCApplication1.res
         x64\Debug\ADDMES.obj
         x64\Debug\ConMySQL.obj
         x64\Debug\CvvImage.obj
         x64\Debug\DIANMING.obj
         x64\Debug\DlgProxy.obj
         x64\Debug\Face_Catch.obj
         x64\Debug\MFCApplication1.obj
         x64\Debug\MFCApplication1Dlg.obj
         x64\Debug\NEEDMOREMESSAGE.obj
         x64\Debug\PresentData.obj
         x64\Debug\stdafx.obj
         x64\Debug\VEDIO.obj
         MFCApplication1.vcxproj -> C:\Users\zengzhishi\Documents\Visual Studio 2013\Projects\MFCApplication1\x64\Debug\MFCApplication1.exe
     1>Done Building Project "C:\Users\zengzhishi\Documents\Visual Studio 2013\Projects\MFCApplication1\MFCApplication1\MFCApplication1.vcxproj" (Build target(s)).

Build succeeded.

Time Elapsed 00:00:01.78
